[INFO] 2025-11-17 16:58:52,393 - NCP PostgreSQL 연결 성공. 현재 레코드 수: 81,464
[INFO] 2025-11-17 16:58:52,394 - ================================================================================
[INFO] 2025-11-17 16:58:52,394 - AED 데이터 수집 및 NCP 업로드 시스템 v8.0 시작
[INFO] 2025-11-17 16:58:52,394 - ================================================================================
[INFO] 2025-11-17 16:58:52,395 - 다운로드 폴더: /Users/kwangsunglee/Downloads/2025-11-17 1658 AED등록현황
[INFO] 2025-11-17 16:58:52,395 - ====== WebDriver manager ======
[INFO] 2025-11-17 16:58:52,842 - Get LATEST chromedriver version for google-chrome
[INFO] 2025-11-17 16:58:53,007 - Get LATEST chromedriver version for google-chrome
[INFO] 2025-11-17 16:58:53,062 - There is no [mac64] chromedriver "142.0.7444.162" for browser google-chrome "142.0.7444" in cache
[INFO] 2025-11-17 16:58:53,067 - Get LATEST chromedriver version for google-chrome
[INFO] 2025-11-17 16:58:53,232 - WebDriver version 142.0.7444.162 selected
[INFO] 2025-11-17 16:58:53,235 - Modern chrome version https://storage.googleapis.com/chrome-for-testing-public/142.0.7444.162/mac-arm64/chromedriver-mac-arm64.zip
[INFO] 2025-11-17 16:58:53,236 - About to download new driver from https://storage.googleapis.com/chrome-for-testing-public/142.0.7444.162/mac-arm64/chromedriver-mac-arm64.zip
[INFO] 2025-11-17 16:58:53,338 - Driver downloading response is 200
[INFO] 2025-11-17 16:58:53,689 - Get LATEST chromedriver version for google-chrome
[INFO] 2025-11-17 16:58:53,794 - Driver has been saved in cache [/Users/kwangsunglee/.wdm/drivers/chromedriver/mac64/142.0.7444.162]
[INFO] 2025-11-17 16:58:55,886 - Chrome 드라이버 설정 완료
[INFO] 2025-11-17 16:58:55,886 - 로그인 시작...
[INFO] 2025-11-17 16:58:57,758 - OTP 페이지 로딩 확인됨. 수동 입력 또는 확인 대기.
[INFO] 2025-11-17 16:59:40,354 - AED 등록 현황 기본 페이지 로딩 확인 완료.
[INFO] 2025-11-17 16:59:40,354 - 로그인 완료
[INFO] 2025-11-17 16:59:40,354 - 시/도별 AED 탭 준비 시작...
[INFO] 2025-11-17 16:59:40,355 - 서울특별시 탭 준비 중...
[INFO] 2025-11-17 16:59:40,980 - 서울특별시 탭 준비 완료.
[INFO] 2025-11-17 16:59:40,982 - 부산광역시 탭 준비 중...
[INFO] 2025-11-17 16:59:41,633 - 부산광역시 탭 준비 완료.
[INFO] 2025-11-17 16:59:41,634 - 대구광역시 탭 준비 중...
[INFO] 2025-11-17 16:59:42,379 - 대구광역시 탭 준비 완료.
[INFO] 2025-11-17 16:59:42,380 - 인천광역시 탭 준비 중...
[INFO] 2025-11-17 16:59:43,117 - 인천광역시 탭 준비 완료.
[INFO] 2025-11-17 16:59:43,118 - 광주광역시 탭 준비 중...
[INFO] 2025-11-17 16:59:43,953 - 광주광역시 탭 준비 완료.
[INFO] 2025-11-17 16:59:43,955 - 대전광역시 탭 준비 중...
[INFO] 2025-11-17 16:59:44,712 - 대전광역시 탭 준비 완료.
[INFO] 2025-11-17 16:59:44,713 - 울산광역시 탭 준비 중...
[INFO] 2025-11-17 16:59:45,568 - 울산광역시 탭 준비 완료.
[INFO] 2025-11-17 16:59:45,569 - 세종특별자치시 탭 준비 중...
[INFO] 2025-11-17 16:59:48,581 - 세종특별자치시 탭 준비 완료.
[INFO] 2025-11-17 16:59:48,585 - 경기도 탭 준비 중...
[INFO] 2025-11-17 16:59:49,412 - 경기도 탭 준비 완료.
[INFO] 2025-11-17 16:59:49,413 - 강원특별자치도 탭 준비 중...
[INFO] 2025-11-17 16:59:50,266 - 강원특별자치도 탭 준비 완료.
[INFO] 2025-11-17 16:59:50,268 - 충청북도 탭 준비 중...
[INFO] 2025-11-17 16:59:51,080 - 충청북도 탭 준비 완료.
[INFO] 2025-11-17 16:59:51,082 - 충청남도 탭 준비 중...
[INFO] 2025-11-17 16:59:51,866 - 충청남도 탭 준비 완료.
[INFO] 2025-11-17 16:59:51,868 - 전북특별자치도 탭 준비 중...
[INFO] 2025-11-17 16:59:52,550 - 전북특별자치도 탭 준비 완료.
[INFO] 2025-11-17 16:59:52,551 - 전라남도 탭 준비 중...
[INFO] 2025-11-17 16:59:53,289 - 전라남도 탭 준비 완료.
[INFO] 2025-11-17 16:59:53,291 - 경상북도 탭 준비 중...
[INFO] 2025-11-17 16:59:54,088 - 경상북도 탭 준비 완료.
[INFO] 2025-11-17 16:59:54,089 - 경상남도 탭 준비 중...
[INFO] 2025-11-17 16:59:55,002 - 경상남도 탭 준비 완료.
[INFO] 2025-11-17 16:59:55,004 - 제주특별자치도 탭 준비 중...
[INFO] 2025-11-17 16:59:55,767 - 제주특별자치도 탭 준비 완료.
[INFO] 2025-11-17 16:59:55,768 - 시/도별 AED 데이터 검색 시작...
[INFO] 2025-11-17 16:59:55,768 - 서울특별시 검색 조건 입력 및 검색 요청 중...
[INFO] 2025-11-17 16:59:58,768 - 서울특별시 검색 요청 완료.
[INFO] 2025-11-17 16:59:58,768 - 부산광역시 검색 조건 입력 및 검색 요청 중...
[INFO] 2025-11-17 17:00:01,726 - 부산광역시 검색 요청 완료.
[INFO] 2025-11-17 17:00:01,727 - 대구광역시 검색 조건 입력 및 검색 요청 중...
[INFO] 2025-11-17 17:00:04,630 - 대구광역시 검색 요청 완료.
[INFO] 2025-11-17 17:00:04,630 - 인천광역시 검색 조건 입력 및 검색 요청 중...
[INFO] 2025-11-17 17:00:07,613 - 인천광역시 검색 요청 완료.
[INFO] 2025-11-17 17:00:07,613 - 광주광역시 검색 조건 입력 및 검색 요청 중...
[INFO] 2025-11-17 17:00:10,435 - 광주광역시 검색 요청 완료.
[INFO] 2025-11-17 17:00:10,436 - 대전광역시 검색 조건 입력 및 검색 요청 중...
[INFO] 2025-11-17 17:00:13,435 - 대전광역시 검색 요청 완료.
[INFO] 2025-11-17 17:00:13,435 - 울산광역시 검색 조건 입력 및 검색 요청 중...
[INFO] 2025-11-17 17:00:16,425 - 울산광역시 검색 요청 완료.
[INFO] 2025-11-17 17:00:16,425 - 세종특별자치시 검색 조건 입력 및 검색 요청 중...
[INFO] 2025-11-17 17:00:19,274 - 세종특별자치시 검색 요청 완료.
[INFO] 2025-11-17 17:00:19,275 - 경기도 검색 조건 입력 및 검색 요청 중...
[INFO] 2025-11-17 17:00:22,259 - 경기도 검색 요청 완료.
[INFO] 2025-11-17 17:00:22,259 - 강원특별자치도 검색 조건 입력 및 검색 요청 중...
[INFO] 2025-11-17 17:00:25,157 - 강원특별자치도 검색 요청 완료.
[INFO] 2025-11-17 17:00:25,157 - 충청북도 검색 조건 입력 및 검색 요청 중...
[INFO] 2025-11-17 17:00:28,021 - 충청북도 검색 요청 완료.
[INFO] 2025-11-17 17:00:28,022 - 충청남도 검색 조건 입력 및 검색 요청 중...
[INFO] 2025-11-17 17:00:31,168 - 충청남도 검색 요청 완료.
[INFO] 2025-11-17 17:00:31,168 - 전북특별자치도 검색 조건 입력 및 검색 요청 중...
[INFO] 2025-11-17 17:00:34,054 - 전북특별자치도 검색 요청 완료.
[INFO] 2025-11-17 17:00:34,054 - 전라남도 검색 조건 입력 및 검색 요청 중...
[INFO] 2025-11-17 17:00:37,158 - 전라남도 검색 요청 완료.
[INFO] 2025-11-17 17:00:37,159 - 경상북도 검색 조건 입력 및 검색 요청 중...
[INFO] 2025-11-17 17:00:40,094 - 경상북도 검색 요청 완료.
[INFO] 2025-11-17 17:00:40,095 - 경상남도 검색 조건 입력 및 검색 요청 중...
[INFO] 2025-11-17 17:00:43,139 - 경상남도 검색 요청 완료.
[INFO] 2025-11-17 17:00:43,139 - 제주특별자치도 검색 조건 입력 및 검색 요청 중...
[INFO] 2025-11-17 17:00:46,058 - 제주특별자치도 검색 요청 완료.
[INFO] 2025-11-17 17:00:46,058 - 시/도별 AED 데이터 로딩 확인 및 다운로드 시작...
[INFO] 2025-11-17 17:00:46,058 - 서울특별시 데이터 처리 중...
[INFO] 2025-11-17 17:00:46,087 - 서울특별시 로딩 확인 (시도 1/3)...
[INFO] 2025-11-17 17:00:48,144 - 서울특별시 데이터 로딩 완료.
[INFO] 2025-11-17 17:00:48,146 - 서울특별시 데이터 다운로드 시도...
[INFO] 2025-11-17 17:01:00,053 - 서울특별시 엑셀 다운로드 버튼 클릭 완료.
[INFO] 2025-11-17 17:01:00,055 - 부산광역시 데이터 처리 중...
[INFO] 2025-11-17 17:01:00,161 - 부산광역시 로딩 확인 (시도 1/3)...
[INFO] 2025-11-17 17:01:02,217 - 부산광역시 데이터 로딩 완료.
[INFO] 2025-11-17 17:01:02,218 - 부산광역시 데이터 다운로드 시도...
[INFO] 2025-11-17 17:01:09,528 - 부산광역시 엑셀 다운로드 버튼 클릭 완료.
[INFO] 2025-11-17 17:01:09,530 - 대구광역시 데이터 처리 중...
[INFO] 2025-11-17 17:01:09,631 - 대구광역시 로딩 확인 (시도 1/3)...
[INFO] 2025-11-17 17:01:11,672 - 대구광역시 데이터 로딩 완료.
[INFO] 2025-11-17 17:01:11,673 - 대구광역시 데이터 다운로드 시도...
[INFO] 2025-11-17 17:01:16,252 - 대구광역시 엑셀 다운로드 버튼 클릭 완료.
[INFO] 2025-11-17 17:01:16,254 - 인천광역시 데이터 처리 중...
[INFO] 2025-11-17 17:01:16,364 - 인천광역시 로딩 확인 (시도 1/3)...
[INFO] 2025-11-17 17:01:18,426 - 인천광역시 데이터 로딩 완료.
[INFO] 2025-11-17 17:01:18,428 - 인천광역시 데이터 다운로드 시도...
[INFO] 2025-11-17 17:01:23,400 - 인천광역시 엑셀 다운로드 버튼 클릭 완료.
[INFO] 2025-11-17 17:01:23,403 - 광주광역시 데이터 처리 중...
[INFO] 2025-11-17 17:01:23,606 - 광주광역시 로딩 확인 (시도 1/3)...
[INFO] 2025-11-17 17:01:25,673 - 광주광역시 데이터 로딩 완료.
[INFO] 2025-11-17 17:01:25,674 - 광주광역시 데이터 다운로드 시도...
[INFO] 2025-11-17 17:01:29,769 - 광주광역시 엑셀 다운로드 버튼 클릭 완료.
[INFO] 2025-11-17 17:01:29,771 - 대전광역시 데이터 처리 중...
[INFO] 2025-11-17 17:01:29,850 - 대전광역시 로딩 확인 (시도 1/3)...
[INFO] 2025-11-17 17:01:31,900 - 대전광역시 데이터 로딩 완료.
[INFO] 2025-11-17 17:01:31,901 - 대전광역시 데이터 다운로드 시도...
[INFO] 2025-11-17 17:01:35,988 - 대전광역시 엑셀 다운로드 버튼 클릭 완료.
[INFO] 2025-11-17 17:01:35,990 - 울산광역시 데이터 처리 중...
[INFO] 2025-11-17 17:01:36,176 - 울산광역시 로딩 확인 (시도 1/3)...
[INFO] 2025-11-17 17:01:38,249 - 울산광역시 데이터 로딩 완료.
[INFO] 2025-11-17 17:01:38,250 - 울산광역시 데이터 다운로드 시도...
[INFO] 2025-11-17 17:01:42,159 - 울산광역시 엑셀 다운로드 버튼 클릭 완료.
[INFO] 2025-11-17 17:01:42,169 - 세종특별자치시 데이터 처리 중...
[INFO] 2025-11-17 17:01:42,218 - 세종특별자치시 로딩 확인 (시도 1/3)...
[INFO] 2025-11-17 17:01:44,313 - 세종특별자치시 데이터 로딩 완료.
[INFO] 2025-11-17 17:01:44,315 - 세종특별자치시 데이터 다운로드 시도...
[INFO] 2025-11-17 17:01:47,819 - 세종특별자치시 엑셀 다운로드 버튼 클릭 완료.
[INFO] 2025-11-17 17:01:47,836 - 경기도 데이터 처리 중...
[INFO] 2025-11-17 17:01:47,873 - 경기도 로딩 확인 (시도 1/3)...
[INFO] 2025-11-17 17:01:49,916 - 경기도 데이터 로딩 완료.
[INFO] 2025-11-17 17:01:49,917 - 경기도 데이터 다운로드 시도...
[INFO] 2025-11-17 17:01:58,685 - 경기도 엑셀 다운로드 버튼 클릭 완료.
[INFO] 2025-11-17 17:01:58,689 - 강원특별자치도 데이터 처리 중...
[INFO] 2025-11-17 17:01:58,799 - 강원특별자치도 로딩 확인 (시도 1/3)...
[INFO] 2025-11-17 17:02:00,840 - 강원특별자치도 데이터 로딩 완료.
[INFO] 2025-11-17 17:02:00,841 - 강원특별자치도 데이터 다운로드 시도...
[INFO] 2025-11-17 17:02:05,349 - 강원특별자치도 엑셀 다운로드 버튼 클릭 완료.
[INFO] 2025-11-17 17:02:05,351 - 충청북도 데이터 처리 중...
[INFO] 2025-11-17 17:02:05,456 - 충청북도 로딩 확인 (시도 1/3)...
[INFO] 2025-11-17 17:02:07,526 - 충청북도 데이터 로딩 완료.
[INFO] 2025-11-17 17:02:07,527 - 충청북도 데이터 다운로드 시도...
[INFO] 2025-11-17 17:02:12,332 - 충청북도 엑셀 다운로드 버튼 클릭 완료.
[INFO] 2025-11-17 17:02:12,336 - 충청남도 데이터 처리 중...
[INFO] 2025-11-17 17:02:12,433 - 충청남도 로딩 확인 (시도 1/3)...
[INFO] 2025-11-17 17:02:14,489 - 충청남도 데이터 로딩 완료.
[INFO] 2025-11-17 17:02:14,490 - 충청남도 데이터 다운로드 시도...
[INFO] 2025-11-17 17:02:19,748 - 충청남도 엑셀 다운로드 버튼 클릭 완료.
[INFO] 2025-11-17 17:02:19,751 - 전북특별자치도 데이터 처리 중...
[INFO] 2025-11-17 17:02:19,858 - 전북특별자치도 로딩 확인 (시도 1/3)...
[INFO] 2025-11-17 17:02:21,906 - 전북특별자치도 데이터 로딩 완료.
[INFO] 2025-11-17 17:02:21,906 - 전북특별자치도 데이터 다운로드 시도...
[INFO] 2025-11-17 17:02:26,144 - 전북특별자치도 엑셀 다운로드 버튼 클릭 완료.
[INFO] 2025-11-17 17:02:26,147 - 전라남도 데이터 처리 중...
[INFO] 2025-11-17 17:02:26,248 - 전라남도 로딩 확인 (시도 1/3)...
[INFO] 2025-11-17 17:02:28,292 - 전라남도 데이터 로딩 완료.
[INFO] 2025-11-17 17:02:28,293 - 전라남도 데이터 다운로드 시도...
[INFO] 2025-11-17 17:02:33,309 - 전라남도 엑셀 다운로드 버튼 클릭 완료.
[INFO] 2025-11-17 17:02:33,314 - 경상북도 데이터 처리 중...
[INFO] 2025-11-17 17:02:33,352 - 경상북도 로딩 확인 (시도 1/3)...
[INFO] 2025-11-17 17:02:35,389 - 경상북도 데이터 로딩 완료.
[INFO] 2025-11-17 17:02:35,390 - 경상북도 데이터 다운로드 시도...
[INFO] 2025-11-17 17:02:40,533 - 경상북도 엑셀 다운로드 버튼 클릭 완료.
[INFO] 2025-11-17 17:02:40,535 - 경상남도 데이터 처리 중...
[INFO] 2025-11-17 17:02:40,558 - 경상남도 로딩 확인 (시도 1/3)...
[INFO] 2025-11-17 17:02:42,676 - 경상남도 데이터 로딩 완료.
[INFO] 2025-11-17 17:02:42,677 - 경상남도 데이터 다운로드 시도...
[INFO] 2025-11-17 17:02:47,819 - 경상남도 엑셀 다운로드 버튼 클릭 완료.
[INFO] 2025-11-17 17:02:47,822 - 제주특별자치도 데이터 처리 중...
[INFO] 2025-11-17 17:02:47,882 - 제주특별자치도 로딩 확인 (시도 1/3)...
[INFO] 2025-11-17 17:02:49,918 - 제주특별자치도 데이터 로딩 완료.
[INFO] 2025-11-17 17:02:49,919 - 제주특별자치도 데이터 다운로드 시도...
[INFO] 2025-11-17 17:02:54,227 - 제주특별자치도 엑셀 다운로드 버튼 클릭 완료.
[INFO] 2025-11-17 17:02:54,230 - 모든 시/도 AED 데이터 다운로드 명령 완료.
[INFO] 2025-11-17 17:02:54,230 - 다운로드 완료 대기 중... (예상: 17개 파일, 최대 300초)
[INFO] 2025-11-17 17:02:59,238 - 모든 파일 (17개, 예상: 17개) 다운로드 및 기본 유효성 검사 완료.
[INFO] 2025-11-17 17:03:02,238 - ================================================================================
[INFO] 2025-11-17 17:03:02,238 - NCP PostgreSQL 업로드 시작
[INFO] 2025-11-17 17:03:02,238 - ================================================================================
[INFO] 2025-11-17 17:03:02,239 - 파일 처리 순서 (향상된 우선순위):
[INFO] 2025-11-17 17:03:02,239 -   1. AED등록현황 (15).xls (점수: 100.0, 크기: 11.6MB, 시간점수: 100.0)
[INFO] 2025-11-17 17:03:02,239 -   2. AED등록현황 (14).xls (점수: 100.0, 크기: 12.8MB, 시간점수: 100.0)
[INFO] 2025-11-17 17:03:02,239 -   3. AED등록현황 (13).xls (점수: 100.0, 크기: 13.7MB, 시간점수: 100.0)
[INFO] 2025-11-17 17:03:02,239 -   4. AED등록현황 (11).xls (점수: 100.0, 크기: 10.5MB, 시간점수: 100.0)
[INFO] 2025-11-17 17:03:02,239 -   5. AED등록현황 (8).xls (점수: 100.0, 크기: 37.3MB, 시간점수: 100.0)
[INFO] 2025-11-17 17:03:02,239 -   6. AED등록현황 (3).xls (점수: 100.0, 크기: 12.2MB, 시간점수: 100.0)
[INFO] 2025-11-17 17:03:02,239 -   7. AED등록현황 (1).xls (점수: 100.0, 크기: 11.1MB, 시간점수: 100.0)
[INFO] 2025-11-17 17:03:02,239 -   8. AED등록현황.xls (점수: 100.0, 크기: 34.2MB, 시간점수: 100.0)
[INFO] 2025-11-17 17:03:02,239 -   9. AED등록현황 (2).xls (점수: 92.6, 크기: 8.2MB, 시간점수: 100.0)
[INFO] 2025-11-17 17:03:02,239 -   10. AED등록현황 (10).xls (점수: 92.1, 크기: 8.0MB, 시간점수: 100.0)
[INFO] 2025-11-17 17:03:02,239 -   11. AED등록현황 (9).xls (점수: 90.1, 크기: 7.5MB, 시간점수: 100.0)
[INFO] 2025-11-17 17:03:02,239 -   12. AED등록현황 (12).xls (점수: 89.4, 크기: 7.4MB, 시간점수: 100.0)
[INFO] 2025-11-17 17:03:02,239 -   13. AED등록현황 (16).xls (점수: 87.6, 크기: 6.9MB, 시간점수: 100.0)
[INFO] 2025-11-17 17:03:02,239 -   14. AED등록현황 (4).xls (점수: 82.7, 크기: 5.7MB, 시간점수: 100.0)
[INFO] 2025-11-17 17:03:02,239 -   15. AED등록현황 (5).xls (점수: 81.4, 크기: 5.4MB, 시간점수: 100.0)
[INFO] 2025-11-17 17:03:02,239 -   16. AED등록현황 (6).xls (점수: 79.3, 크기: 4.8MB, 시간점수: 100.0)
[INFO] 2025-11-17 17:03:02,239 -   17. AED등록현황 (7).xls (점수: 68.2, 크기: 2.0MB, 시간점수: 100.0)
[INFO] 2025-11-17 17:03:02,239 - 총 17개 파일을 우선순위 기반으로 처리...
[INFO] 2025-11-17 17:03:02,341 - NCP PostgreSQL 연결 성공
[INFO] 2025-11-17 17:03:02,341 - 파일 처리: AED등록현황 (15).xls (점수: 100.0) (1/17)
[INFO] 2025-11-17 17:03:09,373 - [경남] 4,748개 레코드 처리 중...
[INFO] 2025-11-17 17:03:09,405 - 지역 ['경남'] 기존 데이터: 0개 (실시간 갱신)
[INFO] 2025-11-17 17:03:21,717 - [경남] 완료: 4,748개 성공
[INFO] 2025-11-17 17:03:21,717 - 파일 처리: AED등록현황 (14).xls (점수: 100.0) (2/17)
[INFO] 2025-11-17 17:03:29,378 - [경북] 5,222개 레코드 처리 중...
[INFO] 2025-11-17 17:03:29,410 - 지역 ['경북'] 기존 데이터: 0개 (실시간 갱신)
[INFO] 2025-11-17 17:03:42,030 - [경북] 완료: 5,222개 성공
[INFO] 2025-11-17 17:03:42,031 - 파일 처리: AED등록현황 (13).xls (점수: 100.0) (3/17)
[INFO] 2025-11-17 17:03:50,124 - [전남] 5,669개 레코드 처리 중...
[INFO] 2025-11-17 17:03:50,225 - 지역 ['전남'] 기존 데이터: 0개 (실시간 갱신)
[INFO] 2025-11-17 17:04:03,450 - [전남] 완료: 5,667개 성공
[INFO] 2025-11-17 17:04:03,450 - 파일 처리: AED등록현황 (11).xls (점수: 100.0) (4/17)
[INFO] 2025-11-17 17:04:10,250 - [충남] 4,308개 레코드 처리 중...
[INFO] 2025-11-17 17:04:10,281 - 지역 ['충남'] 기존 데이터: 0개 (실시간 갱신)
[INFO] 2025-11-17 17:04:20,999 - [충남] 완료: 4,308개 성공
[INFO] 2025-11-17 17:04:20,999 - 파일 처리: AED등록현황 (8).xls (점수: 100.0) (5/17)
[INFO] 2025-11-17 17:04:44,292 - [경기] 15,237개 레코드 처리 중...
[INFO] 2025-11-17 17:04:44,322 - 지역 ['경기'] 기존 데이터: 0개 (실시간 갱신)
[INFO] 2025-11-17 17:05:21,471 - [경기] 완료: 15,237개 성공
[INFO] 2025-11-17 17:05:21,472 - [경기도] 3개 레코드 처리 중...
[INFO] 2025-11-17 17:05:21,513 - 지역 ['경기도'] 기존 데이터: 112개 (실시간 갱신)
[INFO] 2025-11-17 17:05:21,548 - [경기도] 완료: 3개 성공
[INFO] 2025-11-17 17:05:21,548 - 파일 처리: AED등록현황 (3).xls (점수: 100.0) (6/17)
[INFO] 2025-11-17 17:05:29,293 - [인천] 4,933개 레코드 처리 중...
[INFO] 2025-11-17 17:05:29,326 - 지역 ['인천'] 기존 데이터: 0개 (실시간 갱신)
[INFO] 2025-11-17 17:05:40,633 - [인천] 완료: 4,933개 성공
[INFO] 2025-11-17 17:05:40,634 - 파일 처리: AED등록현황 (1).xls (점수: 100.0) (7/17)
[INFO] 2025-11-17 17:05:46,953 - [부산] 4,498개 레코드 처리 중...
[INFO] 2025-11-17 17:05:46,982 - 지역 ['부산'] 기존 데이터: 0개 (실시간 갱신)
[INFO] 2025-11-17 17:05:58,003 - [부산] 완료: 4,496개 성공
[INFO] 2025-11-17 17:05:58,004 - 파일 처리: AED등록현황.xls (점수: 100.0) (8/17)
[INFO] 2025-11-17 17:06:20,914 - [서울] 14,052개 레코드 처리 중...
[INFO] 2025-11-17 17:06:20,944 - 지역 ['서울'] 기존 데이터: 0개 (실시간 갱신)
[INFO] 2025-11-17 17:06:55,864 - [서울] 완료: 14,052개 성공
[INFO] 2025-11-17 17:06:55,865 - 파일 처리: AED등록현황 (2).xls (점수: 92.6) (9/17)
[INFO] 2025-11-17 17:07:00,304 - [대구] 3,334개 레코드 처리 중...
[INFO] 2025-11-17 17:07:00,332 - 지역 ['대구'] 기존 데이터: 0개 (실시간 갱신)
[INFO] 2025-11-17 17:07:09,130 - [대구] 완료: 3,334개 성공
[INFO] 2025-11-17 17:07:09,130 - 파일 처리: AED등록현황 (10).xls (점수: 92.1) (10/17)
[INFO] 2025-11-17 17:07:14,720 - [충북] 3,277개 레코드 처리 중...
[INFO] 2025-11-17 17:07:14,748 - 지역 ['충북'] 기존 데이터: 0개 (실시간 갱신)
[INFO] 2025-11-17 17:07:22,438 - [충북] 완료: 3,277개 성공
[INFO] 2025-11-17 17:07:22,439 - 파일 처리: AED등록현황 (9).xls (점수: 90.1) (11/17)
[INFO] 2025-11-17 17:07:27,175 - [강원] 3,072개 레코드 처리 중...
[INFO] 2025-11-17 17:07:27,289 - 지역 ['강원'] 기존 데이터: 0개 (실시간 갱신)
[INFO] 2025-11-17 17:07:34,510 - [강원] 완료: 3,072개 성공
[INFO] 2025-11-17 17:07:34,510 - 파일 처리: AED등록현황 (12).xls (점수: 89.4) (12/17)
[INFO] 2025-11-17 17:07:38,997 - [전북] 2,993개 레코드 처리 중...
[INFO] 2025-11-17 17:07:39,029 - 지역 ['전북'] 기존 데이터: 0개 (실시간 갱신)
[INFO] 2025-11-17 17:07:46,049 - [전북] 완료: 2,993개 성공
[INFO] 2025-11-17 17:07:46,050 - 파일 처리: AED등록현황 (16).xls (점수: 87.6) (13/17)
[INFO] 2025-11-17 17:07:50,560 - [제주] 2,785개 레코드 처리 중...
[INFO] 2025-11-17 17:07:50,588 - 지역 ['제주'] 기존 데이터: 0개 (실시간 갱신)
[INFO] 2025-11-17 17:07:57,677 - [제주] 완료: 2,785개 성공
[INFO] 2025-11-17 17:07:57,678 - 파일 처리: AED등록현황 (4).xls (점수: 82.7) (14/17)
[INFO] 2025-11-17 17:08:01,382 - [광주] 2,325개 레코드 처리 중...
[INFO] 2025-11-17 17:08:01,411 - 지역 ['광주'] 기존 데이터: 0개 (실시간 갱신)
[INFO] 2025-11-17 17:08:07,231 - [광주] 완료: 2,325개 성공
[INFO] 2025-11-17 17:08:07,231 - 파일 처리: AED등록현황 (5).xls (점수: 81.4) (15/17)
[INFO] 2025-11-17 17:08:10,722 - [대전] 2,168개 레코드 처리 중...
[INFO] 2025-11-17 17:08:10,815 - 지역 ['대전'] 기존 데이터: 0개 (실시간 갱신)
[INFO] 2025-11-17 17:08:16,157 - [대전] 완료: 2,168개 성공
[INFO] 2025-11-17 17:08:16,157 - 파일 처리: AED등록현황 (6).xls (점수: 79.3) (16/17)
[INFO] 2025-11-17 17:08:19,356 - [울산] 1,969개 레코드 처리 중...
[INFO] 2025-11-17 17:08:19,385 - 지역 ['울산'] 기존 데이터: 0개 (실시간 갱신)
[INFO] 2025-11-17 17:08:24,123 - [울산] 완료: 1,969개 성공
[INFO] 2025-11-17 17:08:24,123 - 파일 처리: AED등록현황 (7).xls (점수: 68.2) (17/17)
[INFO] 2025-11-17 17:08:25,796 - [세종] 836개 레코드 처리 중...
[INFO] 2025-11-17 17:08:25,825 - 지역 ['세종'] 기존 데이터: 0개 (실시간 갱신)
[INFO] 2025-11-17 17:08:27,894 - [세종] 완료: 836개 성공
[INFO] 2025-11-17 17:08:27,894 - 전체 누락 데이터 처리 시작...
[INFO] 2025-11-17 17:08:29,073 - 전체 누락 데이터 679개 처리 중...
[INFO] 2025-11-17 17:08:29,535 - 전체 누락 처리 완료: missing=679, deletion_suspected=0 (성공: 679)
[INFO] 2025-11-17 17:08:29,550 - ================================================================================
[INFO] 2025-11-17 17:08:29,551 - NCP PostgreSQL 업로드 완료
[INFO] 2025-11-17 17:08:29,551 - ================================================================================
[INFO] 2025-11-17 17:08:29,551 - 총 원본 레코드: 81,429
[INFO] 2025-11-17 17:08:29,551 - 총 처리 레코드: 81,425
[INFO] 2025-11-17 17:08:29,551 - 신규: 81,422
[INFO] 2025-11-17 17:08:29,551 - 수정: 3
[INFO] 2025-11-17 17:08:29,551 - 복구: 0
[INFO] 2025-11-17 17:08:29,551 - 누락: 679
[INFO] 2025-11-17 17:08:29,551 - 삭제 의심: 0
[INFO] 2025-11-17 17:08:29,551 - 오류: 0
[INFO] 2025-11-17 17:08:29,551 - 실제 업로드 성공: 81,425
[INFO] 2025-11-17 17:08:29,551 - 실패: 0
[INFO] 2025-11-17 17:08:29,551 - 캐시 메모리: 0.0MB
[INFO] 2025-11-17 17:08:29,551 - ================================================================================
[INFO] 2025-11-17 17:08:29,551 - 데이터베이스 연결 종료
[INFO] 2025-11-17 17:08:29,554 - ================================================================================
[INFO] 2025-11-17 17:08:29,554 - 모든 작업 완료
[INFO] 2025-11-17 17:08:29,554 - ================================================================================
[INFO] 2025-11-17 17:08:30,314 - 브라우저 종료
