[INFO] 2025-11-17 20:43:07,395 - ================================================================================
[INFO] 2025-11-17 20:43:07,395 - 기존 파일 NCP 업로드 스크립트 시작
[INFO] 2025-11-17 20:43:07,395 - ================================================================================
[INFO] 2025-11-17 20:43:07,395 - ================================================================================
[INFO] 2025-11-17 20:43:07,395 - NCP PostgreSQL 업로드 시작
[INFO] 2025-11-17 20:43:07,395 - 다운로드 폴더: /Users/kwangsunglee/Downloads/2025-11-17 1658 AED등록현황
[INFO] 2025-11-17 20:43:07,395 - ================================================================================
[INFO] 2025-11-17 20:43:07,396 - 파일 처리 순서 (향상된 우선순위):
[INFO] 2025-11-17 20:43:07,396 -   1. AED등록현황 (15).xls (점수: 97.8, 크기: 11.6MB)
[INFO] 2025-11-17 20:43:07,396 -   2. AED등록현황 (14).xls (점수: 97.8, 크기: 12.8MB)
[INFO] 2025-11-17 20:43:07,396 -   3. AED등록현황 (13).xls (점수: 97.8, 크기: 13.7MB)
[INFO] 2025-11-17 20:43:07,396 -   4. AED등록현황 (11).xls (점수: 97.8, 크기: 10.5MB)
[INFO] 2025-11-17 20:43:07,396 -   5. AED등록현황 (8).xls (점수: 97.8, 크기: 37.3MB)
[INFO] 2025-11-17 20:43:07,396 -   6. AED등록현황 (3).xls (점수: 97.8, 크기: 12.2MB)
[INFO] 2025-11-17 20:43:07,396 -   7. AED등록현황 (1).xls (점수: 97.8, 크기: 11.1MB)
[INFO] 2025-11-17 20:43:07,396 -   8. AED등록현황.xls (점수: 97.8, 크기: 34.2MB)
[INFO] 2025-11-17 20:43:07,396 -   9. AED등록현황 (2).xls (점수: 90.4, 크기: 8.2MB)
[INFO] 2025-11-17 20:43:07,396 -   10. AED등록현황 (10).xls (점수: 89.9, 크기: 8.0MB)
[INFO] 2025-11-17 20:43:07,396 -   11. AED등록현황 (9).xls (점수: 87.9, 크기: 7.5MB)
[INFO] 2025-11-17 20:43:07,396 -   12. AED등록현황 (12).xls (점수: 87.2, 크기: 7.4MB)
[INFO] 2025-11-17 20:43:07,396 -   13. AED등록현황 (16).xls (점수: 85.4, 크기: 6.9MB)
[INFO] 2025-11-17 20:43:07,396 -   14. AED등록현황 (4).xls (점수: 80.5, 크기: 5.7MB)
[INFO] 2025-11-17 20:43:07,396 -   15. AED등록현황 (5).xls (점수: 79.2, 크기: 5.4MB)
[INFO] 2025-11-17 20:43:07,396 -   16. AED등록현황 (6).xls (점수: 77.1, 크기: 4.8MB)
[INFO] 2025-11-17 20:43:07,396 -   17. AED등록현황 (7).xls (점수: 66.0, 크기: 2.0MB)
[INFO] 2025-11-17 20:43:07,396 - 총 17개 파일을 우선순위 기반으로 처리...
[INFO] 2025-11-17 20:43:07,965 - NCP PostgreSQL 연결 성공
[INFO] 2025-11-17 20:43:07,965 - 파일 처리: AED등록현황 (15).xls (점수: 97.8) (1/17)
[INFO] 2025-11-17 20:43:15,133 - [경남] 4,748개 레코드 처리 중...
[INFO] 2025-11-17 20:43:15,928 - 지역 ['경남'] 기존 데이터: 4,794개 (실시간 갱신)
[INFO] 2025-11-17 20:43:38,043 - [경남] 완료: 4,748개 성공
[INFO] 2025-11-17 20:43:38,044 - 파일 처리: AED등록현황 (14).xls (점수: 97.8) (2/17)
[INFO] 2025-11-17 20:43:45,943 - [경북] 5,222개 레코드 처리 중...
[INFO] 2025-11-17 20:43:46,572 - 지역 ['경북'] 기존 데이터: 5,261개 (실시간 갱신)
[INFO] 2025-11-17 20:44:14,596 - [경북] 완료: 5,222개 성공
[INFO] 2025-11-17 20:44:14,596 - 파일 처리: AED등록현황 (13).xls (점수: 97.8) (3/17)
[INFO] 2025-11-17 20:44:23,577 - [전남] 5,669개 레코드 처리 중...
[INFO] 2025-11-17 20:44:24,235 - 지역 ['전남'] 기존 데이터: 5,699개 (실시간 갱신)
[INFO] 2025-11-17 20:44:52,301 - [전남] 완료: 5,667개 성공
[INFO] 2025-11-17 20:44:52,301 - 파일 처리: AED등록현황 (11).xls (점수: 97.8) (4/17)
[INFO] 2025-11-17 20:44:59,003 - [충남] 4,308개 레코드 처리 중...
[INFO] 2025-11-17 20:44:59,604 - 지역 ['충남'] 기존 데이터: 4,324개 (실시간 갱신)
[INFO] 2025-11-17 20:45:20,671 - [충남] 완료: 4,308개 성공
[INFO] 2025-11-17 20:45:20,671 - 파일 처리: AED등록현황 (8).xls (점수: 97.8) (5/17)
[INFO] 2025-11-17 20:45:44,454 - [경기] 15,237개 레코드 처리 중...
[INFO] 2025-11-17 20:45:45,712 - 지역 ['경기'] 기존 데이터: 15,349개 (실시간 갱신)
[INFO] 2025-11-17 20:46:58,366 - [경기] 완료: 15,237개 성공
[INFO] 2025-11-17 20:46:58,366 - [경기] 3개 레코드 처리 중...
[INFO] 2025-11-17 20:46:58,597 - [경기] 완료: 3개 성공
[INFO] 2025-11-17 20:46:58,597 - 파일 처리: AED등록현황 (3).xls (점수: 97.8) (6/17)
[INFO] 2025-11-17 20:47:06,396 - [인천] 4,933개 레코드 처리 중...
[INFO] 2025-11-17 20:47:07,023 - 지역 ['인천'] 기존 데이터: 5,008개 (실시간 갱신)
[INFO] 2025-11-17 20:47:30,680 - [인천] 완료: 4,933개 성공
[INFO] 2025-11-17 20:47:30,680 - 파일 처리: AED등록현황 (1).xls (점수: 97.8) (7/17)
[INFO] 2025-11-17 20:47:38,606 - [부산] 4,498개 레코드 처리 중...
[INFO] 2025-11-17 20:47:39,108 - 지역 ['부산'] 기존 데이터: 4,522개 (실시간 갱신)
[INFO] 2025-11-17 20:47:59,227 - [부산] 완료: 4,496개 성공
[INFO] 2025-11-17 20:47:59,228 - 파일 처리: AED등록현황.xls (점수: 97.8) (8/17)
[INFO] 2025-11-17 20:48:21,894 - [서울] 14,052개 레코드 처리 중...
[INFO] 2025-11-17 20:48:22,987 - 지역 ['서울'] 기존 데이터: 14,180개 (실시간 갱신)
[INFO] 2025-11-17 20:49:45,846 - [서울] 완료: 14,052개 성공
[INFO] 2025-11-17 20:49:45,846 - 파일 처리: AED등록현황 (2).xls (점수: 90.4) (9/17)
[INFO] 2025-11-17 20:49:51,544 - [대구] 3,334개 레코드 처리 중...
[INFO] 2025-11-17 20:49:52,164 - 지역 ['대구'] 기존 데이터: 3,367개 (실시간 갱신)
[INFO] 2025-11-17 20:50:13,820 - [대구] 완료: 3,334개 성공
[INFO] 2025-11-17 20:50:13,821 - 파일 처리: AED등록현황 (10).xls (점수: 89.9) (10/17)
[INFO] 2025-11-17 20:50:19,845 - [충북] 3,277개 레코드 처리 중...
[INFO] 2025-11-17 20:50:20,770 - 지역 ['충북'] 기존 데이터: 3,308개 (실시간 갱신)
[INFO] 2025-11-17 20:50:39,663 - [충북] 완료: 3,277개 성공
[INFO] 2025-11-17 20:50:39,664 - 파일 처리: AED등록현황 (9).xls (점수: 87.9) (11/17)
[INFO] 2025-11-17 20:50:44,425 - [강원] 3,072개 레코드 처리 중...
[INFO] 2025-11-17 20:50:44,905 - 지역 ['강원'] 기존 데이터: 3,098개 (실시간 갱신)
[INFO] 2025-11-17 20:51:00,531 - [강원] 완료: 3,072개 성공
[INFO] 2025-11-17 20:51:00,531 - 파일 처리: AED등록현황 (12).xls (점수: 87.2) (12/17)
[INFO] 2025-11-17 20:51:05,357 - [전북] 2,993개 레코드 처리 중...
[INFO] 2025-11-17 20:51:05,870 - 지역 ['전북'] 기존 데이터: 3,027개 (실시간 갱신)
[INFO] 2025-11-17 20:51:19,743 - [전북] 완료: 2,993개 성공
[INFO] 2025-11-17 20:51:19,743 - 파일 처리: AED등록현황 (16).xls (점수: 85.4) (13/17)
[INFO] 2025-11-17 20:51:24,460 - [제주] 2,785개 레코드 처리 중...
[INFO] 2025-11-17 20:51:24,802 - 지역 ['제주'] 기존 데이터: 2,817개 (실시간 갱신)
[INFO] 2025-11-17 20:51:36,888 - [제주] 완료: 2,785개 성공
[INFO] 2025-11-17 20:51:36,889 - 파일 처리: AED등록현황 (4).xls (점수: 80.5) (14/17)
[INFO] 2025-11-17 20:51:40,737 - [광주] 2,325개 레코드 처리 중...
[INFO] 2025-11-17 20:51:41,111 - 지역 ['광주'] 기존 데이터: 2,353개 (실시간 갱신)
[INFO] 2025-11-17 20:51:51,203 - [광주] 완료: 2,325개 성공
[INFO] 2025-11-17 20:51:51,203 - 파일 처리: AED등록현황 (5).xls (점수: 79.2) (15/17)
[INFO] 2025-11-17 20:51:54,762 - [대전] 2,168개 레코드 처리 중...
[INFO] 2025-11-17 20:51:55,195 - 지역 ['대전'] 기존 데이터: 2,183개 (실시간 갱신)
[INFO] 2025-11-17 20:52:04,300 - [대전] 완료: 2,168개 성공
[INFO] 2025-11-17 20:52:04,300 - 파일 처리: AED등록현황 (6).xls (점수: 77.1) (16/17)
[INFO] 2025-11-17 20:52:07,557 - [울산] 1,969개 레코드 처리 중...
[INFO] 2025-11-17 20:52:07,947 - 지역 ['울산'] 기존 데이터: 1,972개 (실시간 갱신)
[INFO] 2025-11-17 20:52:16,321 - [울산] 완료: 1,969개 성공
[INFO] 2025-11-17 20:52:16,321 - 파일 처리: AED등록현황 (7).xls (점수: 66.0) (17/17)
[INFO] 2025-11-17 20:52:17,909 - [세종] 836개 레코드 처리 중...
[INFO] 2025-11-17 20:52:18,131 - 지역 ['세종'] 기존 데이터: 842개 (실시간 갱신)
[INFO] 2025-11-17 20:52:21,715 - [세종] 완료: 836개 성공
[INFO] 2025-11-17 20:52:21,716 - 전체 누락 데이터 처리 시작...
[INFO] 2025-11-17 20:52:24,308 - 전체 누락 데이터 679개 처리 중...
[INFO] 2025-11-17 20:52:25,594 - 전체 누락 처리 완료: missing=679, deletion_suspected=0 (성공: 679)
[INFO] 2025-11-17 20:52:25,610 - ================================================================================
[INFO] 2025-11-17 20:52:25,610 - NCP PostgreSQL 업로드 완료
[INFO] 2025-11-17 20:52:25,610 - ================================================================================
[INFO] 2025-11-17 20:52:25,610 - 총 원본 레코드: 81,429
[INFO] 2025-11-17 20:52:25,610 - 총 처리 레코드: 81,425
[INFO] 2025-11-17 20:52:25,610 - 신규: 0
[INFO] 2025-11-17 20:52:25,610 - 수정: 81,425
[INFO] 2025-11-17 20:52:25,610 - 복구: 0
[INFO] 2025-11-17 20:52:25,610 - 누락: 679
[INFO] 2025-11-17 20:52:25,610 - 삭제 의심: 0
[INFO] 2025-11-17 20:52:25,610 - 오류: 0
[INFO] 2025-11-17 20:52:25,610 - 실제 업로드 성공: 81,425
[INFO] 2025-11-17 20:52:25,610 - 실패: 0
[INFO] 2025-11-17 20:52:25,610 - 캐시 메모리: 20.7MB
[INFO] 2025-11-17 20:52:25,610 - ================================================================================
[INFO] 2025-11-17 20:52:25,610 - 데이터베이스 연결 종료
[INFO] 2025-11-17 20:52:25,626 - ================================================================================
[INFO] 2025-11-17 20:52:25,626 - 모든 작업 완료
[INFO] 2025-11-17 20:52:25,626 - ================================================================================
